*****************************************************************
      SolidWorks 公司 - IGES 处理器状态报告
*****************************************************************
=================================================================
总信息
=================================================================
发送系统产品 I.D.  : KR60-4_KS六轴机器人jj
接收系统产品 I.D.  : KR60-4_KS六轴机器人jj
文件名称                    : \\nfsclusterfs\user_folder\ji.fangjing\My Documents\吉方靖\自动化简易模型\机器人\KR60-4KS\KR60-4_KS六轴机器人jj.IGS
发送系统              : SolidWorks 2014
预处理器版本         : SolidWorks 2014
文件生成日期          : 200330.134353
模型生成日期         : 200330.134353
单位                        : MM
模型空间比例            : 1
作者                       : ji.fangjing
组织                 : 


=================================================================
实体处理信息
=================================================================


=================================================================
IGES 文件的精度分析：
=================================================================
  有效位数的最普遍的数:              13
  有效位数的最大数:                     13
  有效位数的平均数:                7.50489
  与原点的最大距离:                          2376.31
  与原点的最小距离:                           1499.4
  有效位数的有效数:              12.3546


=================================================================
实体概要
=================================================================
-----------------------------------------------------------------
类型名称                                         记数转换
---- ----                                         ----- ---------
100  Arc                                           4448      4448
102  Composite curve                               5172      5172
110  Line                                          8130      8130
120  Surface of revolution                          658       658
124  Transformation matrix                         3778      3778
126  Rational B-spline curve                      12736     12736
128  Rational B-spline surface                     1677      1677
142  Curve on a parametric surface                 2586      2586
144  Trimmed parametric surface                    2335      2335
308  Subfigure definition                             7         7
314  Color definition                              2336      2336
408  Singular subfigure instance                      7         7
_________________________________________________________________


=================================================================
结果概要
=================================================================
SolidWorks 特征类型                记数
-----------------------                -----
实体特征                       72
曲面特征                     0
曲线/草图特征                0
--------------------------------------------
开始时间: 星期二, 三月 31, 2020 17:04:08
结束时间: 星期二, 三月 31, 2020 17:04:37
处理时间: 0 days, 00 hours, 00 mins, 29 secs
