*****************************************************************
      SolidWorks 公司 - IGES 处理器状态报告
*****************************************************************
=================================================================
总信息
=================================================================
发送系统产品 I.D.  : am_dzp1020c
接收系统产品 I.D.  : am_dzp1020c
文件名称                    : \\nfsclusterfs\user_folder\ji.fangjing\My Documents\吉方靖\自动化简易模型\对中台\1020c\am_dzp1020c.IGS
发送系统              : SolidWorks 2014
预处理器版本         : SolidWorks 2014
文件生成日期          : 200327.101927
模型生成日期         : 200327.101927
单位                        : MM
模型空间比例            : 1
作者                       : ji.fangjing
组织                 : 


=================================================================
实体处理信息
=================================================================


=================================================================
IGES 文件的精度分析：
=================================================================
  有效位数的最普遍的数:              12
  有效位数的最大数:                     13
  有效位数的平均数:                11.4569
  与原点的最大距离:                          4876.44
  与原点的最小距离:                          1.04839
  有效位数的有效数:              12.9998


=================================================================
实体概要
=================================================================
-----------------------------------------------------------------
类型名称                                         记数转换
---- ----                                         ----- ---------
100  Arc                                           2973      2973
102  Composite curve                               3280      3280
110  Line                                          3238      3238
120  Surface of revolution                          574       574
124  Transformation matrix                         2957      2957
126  Rational B-spline curve                       5845      5845
128  Rational B-spline surface                      640       640
142  Curve on a parametric surface                 1640      1640
144  Trimmed parametric surface                    1214      1214
314  Color definition                              1215      1215
_________________________________________________________________


=================================================================
结果概要
=================================================================
SolidWorks 特征类型                记数
-----------------------                -----
实体特征                       0
曲面特征                     305
曲线/草图特征                0
--------------------------------------------
开始时间: 星期二, 三月 31, 2020 12:21:05
结束时间: 星期二, 三月 31, 2020 12:21:20
处理时间: 0 days, 00 hours, 00 mins, 15 secs
