*****************************************************************
      SolidWorks 公司 - IGES 处理器状态报告
*****************************************************************
=================================================================
总信息
=================================================================
发送系统产品 I.D.  : am_dzp1530c
接收系统产品 I.D.  : am_dzp1530c
文件名称                    : \\nfsclusterfs\user_folder\ji.fangjing\My Documents\吉方靖\自动化简易模型\对中台\1530c\am_dzp1530c.IGS
发送系统              : SolidWorks 2014
预处理器版本         : SolidWorks 2014
文件生成日期          : 200327.110248
模型生成日期         : 200327.110248
单位                        : MM
模型空间比例            : 1
作者                       : ji.fangjing
组织                 : 


=================================================================
实体处理信息
=================================================================


=================================================================
IGES 文件的精度分析：
=================================================================
  有效位数的最普遍的数:              13
  有效位数的最大数:                     13
  有效位数的平均数:                12.2346
  与原点的最大距离:                          7744.97
  与原点的最小距离:                         0.998927
  有效位数的有效数:              12.9999


=================================================================
实体概要
=================================================================
-----------------------------------------------------------------
类型名称                                         记数转换
---- ----                                         ----- ---------
100  Arc                                           3961      3961
102  Composite curve                               4292      4292
110  Line                                          3749      3749
120  Surface of revolution                          646       646
124  Transformation matrix                         3927      3927
126  Rational B-spline curve                       7411      7411
128  Rational B-spline surface                      812       812
142  Curve on a parametric surface                 2146      2146
144  Trimmed parametric surface                    1458      1458
314  Color definition                              1459      1459
_________________________________________________________________


=================================================================
结果概要
=================================================================
SolidWorks 特征类型                记数
-----------------------                -----
实体特征                       0
曲面特征                     419
曲线/草图特征                0
--------------------------------------------
开始时间: 星期二, 三月 31, 2020 12:23:44
结束时间: 星期二, 三月 31, 2020 12:24:07
处理时间: 0 days, 00 hours, 00 mins, 23 secs
